\BOOKMARK [0][-]{chapter.1}{\376\377\0001\000\040\000C\000u\000r\000l\000i\000n\000g\000:\000\040\000M\000o\000d\000e\000r\000n\000\040\000C\000+\000+\000\040\000l\000i\000b\000c\000u\000r\000l\000\040\000W\000r\000a\000p\000p\000e\000r}{}% 1
\BOOKMARK [1][-]{section.1.1}{\376\377\0001\000.\0001\000\040\000F\000e\000a\000t\000u\000r\000e\000s}{chapter.1}% 2
\BOOKMARK [1][-]{section.1.2}{\376\377\0001\000.\0002\000\040\000E\000x\000a\000m\000p\000l\000e}{chapter.1}% 3
\BOOKMARK [0][-]{chapter.2}{\376\377\0002\000\040\000N\000a\000m\000e\000s\000p\000a\000c\000e\000\040\000I\000n\000d\000e\000x}{}% 4
\BOOKMARK [1][-]{section.2.1}{\376\377\0002\000.\0001\000\040\000N\000a\000m\000e\000s\000p\000a\000c\000e\000\040\000L\000i\000s\000t}{chapter.2}% 5
\BOOKMARK [0][-]{chapter.3}{\376\377\0003\000\040\000H\000i\000e\000r\000a\000r\000c\000h\000i\000c\000a\000l\000\040\000I\000n\000d\000e\000x}{}% 6
\BOOKMARK [1][-]{section.3.1}{\376\377\0003\000.\0001\000\040\000C\000l\000a\000s\000s\000\040\000H\000i\000e\000r\000a\000r\000c\000h\000y}{chapter.3}% 7
\BOOKMARK [0][-]{chapter.4}{\376\377\0004\000\040\000C\000l\000a\000s\000s\000\040\000I\000n\000d\000e\000x}{}% 8
\BOOKMARK [1][-]{section.4.1}{\376\377\0004\000.\0001\000\040\000C\000l\000a\000s\000s\000\040\000L\000i\000s\000t}{chapter.4}% 9
\BOOKMARK [0][-]{chapter.5}{\376\377\0005\000\040\000F\000i\000l\000e\000\040\000I\000n\000d\000e\000x}{}% 10
\BOOKMARK [1][-]{section.5.1}{\376\377\0005\000.\0001\000\040\000F\000i\000l\000e\000\040\000L\000i\000s\000t}{chapter.5}% 11
\BOOKMARK [0][-]{chapter.6}{\376\377\0006\000\040\000N\000a\000m\000e\000s\000p\000a\000c\000e\000\040\000D\000o\000c\000u\000m\000e\000n\000t\000a\000t\000i\000o\000n}{}% 12
\BOOKMARK [1][-]{section.6.1}{\376\377\0006\000.\0001\000\040\000c\000u\000r\000l\000i\000n\000g\000\040\000N\000a\000m\000e\000s\000p\000a\000c\000e\000\040\000R\000e\000f\000e\000r\000e\000n\000c\000e}{chapter.6}% 13
\BOOKMARK [2][-]{subsection.6.1.1}{\376\377\0006\000.\0001\000.\0001\000\040\000D\000e\000t\000a\000i\000l\000e\000d\000\040\000D\000e\000s\000c\000r\000i\000p\000t\000i\000o\000n}{section.6.1}% 14
\BOOKMARK [1][-]{section.6.2}{\376\377\0006\000.\0002\000\040\000c\000u\000r\000l\000i\000n\000g\000:\000:\000d\000e\000t\000a\000i\000l\000\040\000N\000a\000m\000e\000s\000p\000a\000c\000e\000\040\000R\000e\000f\000e\000r\000e\000n\000c\000e}{chapter.6}% 15
\BOOKMARK [2][-]{subsection.6.2.1}{\376\377\0006\000.\0002\000.\0001\000\040\000D\000e\000t\000a\000i\000l\000e\000d\000\040\000D\000e\000s\000c\000r\000i\000p\000t\000i\000o\000n}{section.6.2}% 16
\BOOKMARK [0][-]{chapter.7}{\376\377\0007\000\040\000C\000l\000a\000s\000s\000\040\000D\000o\000c\000u\000m\000e\000n\000t\000a\000t\000i\000o\000n}{}% 17
\BOOKMARK [1][-]{section.7.1}{\376\377\0007\000.\0001\000\040\000c\000u\000r\000l\000i\000n\000g\000:\000:\000C\000u\000r\000l\000H\000a\000n\000d\000l\000e\000D\000e\000l\000e\000t\000e\000r\000\040\000S\000t\000r\000u\000c\000t\000\040\000R\000e\000f\000e\000r\000e\000n\000c\000e}{chapter.7}% 18
\BOOKMARK [2][-]{subsection.7.1.1}{\376\377\0007\000.\0001\000.\0001\000\040\000D\000e\000t\000a\000i\000l\000e\000d\000\040\000D\000e\000s\000c\000r\000i\000p\000t\000i\000o\000n}{section.7.1}% 19
\BOOKMARK [1][-]{section.7.2}{\376\377\0007\000.\0002\000\040\000c\000u\000r\000l\000i\000n\000g\000:\000:\000C\000u\000r\000l\000i\000n\000g\000E\000x\000c\000e\000p\000t\000i\000o\000n\000\040\000C\000l\000a\000s\000s\000\040\000R\000e\000f\000e\000r\000e\000n\000c\000e}{chapter.7}% 20
\BOOKMARK [2][-]{subsection.7.2.1}{\376\377\0007\000.\0002\000.\0001\000\040\000D\000e\000t\000a\000i\000l\000e\000d\000\040\000D\000e\000s\000c\000r\000i\000p\000t\000i\000o\000n}{section.7.2}% 21
\BOOKMARK [1][-]{section.7.3}{\376\377\0007\000.\0003\000\040\000c\000u\000r\000l\000i\000n\000g\000:\000:\000C\000u\000r\000l\000M\000i\000m\000e\000D\000e\000l\000e\000t\000e\000r\000\040\000S\000t\000r\000u\000c\000t\000\040\000R\000e\000f\000e\000r\000e\000n\000c\000e}{chapter.7}% 22
\BOOKMARK [1][-]{section.7.4}{\376\377\0007\000.\0004\000\040\000c\000u\000r\000l\000i\000n\000g\000:\000:\000C\000u\000r\000l\000S\000l\000i\000s\000t\000D\000e\000l\000e\000t\000e\000r\000\040\000S\000t\000r\000u\000c\000t\000\040\000R\000e\000f\000e\000r\000e\000n\000c\000e}{chapter.7}% 23
\BOOKMARK [1][-]{section.7.5}{\376\377\0007\000.\0005\000\040\000c\000u\000r\000l\000i\000n\000g\000:\000:\000H\000e\000a\000d\000e\000r\000E\000x\000c\000e\000p\000t\000i\000o\000n\000\040\000C\000l\000a\000s\000s\000\040\000R\000e\000f\000e\000r\000e\000n\000c\000e}{chapter.7}% 24
\BOOKMARK [2][-]{subsection.7.5.1}{\376\377\0007\000.\0005\000.\0001\000\040\000D\000e\000t\000a\000i\000l\000e\000d\000\040\000D\000e\000s\000c\000r\000i\000p\000t\000i\000o\000n}{section.7.5}% 25
\BOOKMARK [1][-]{section.7.6}{\376\377\0007\000.\0006\000\040\000c\000u\000r\000l\000i\000n\000g\000:\000:\000I\000n\000i\000t\000i\000a\000l\000i\000z\000a\000t\000i\000o\000n\000E\000x\000c\000e\000p\000t\000i\000o\000n\000\040\000C\000l\000a\000s\000s\000\040\000R\000e\000f\000e\000r\000e\000n\000c\000e}{chapter.7}% 26
\BOOKMARK [2][-]{subsection.7.6.1}{\376\377\0007\000.\0006\000.\0001\000\040\000D\000e\000t\000a\000i\000l\000e\000d\000\040\000D\000e\000s\000c\000r\000i\000p\000t\000i\000o\000n}{section.7.6}% 27
\BOOKMARK [1][-]{section.7.7}{\376\377\0007\000.\0007\000\040\000c\000u\000r\000l\000i\000n\000g\000:\000:\000L\000o\000g\000i\000c\000E\000x\000c\000e\000p\000t\000i\000o\000n\000\040\000C\000l\000a\000s\000s\000\040\000R\000e\000f\000e\000r\000e\000n\000c\000e}{chapter.7}% 28
\BOOKMARK [2][-]{subsection.7.7.1}{\376\377\0007\000.\0007\000.\0001\000\040\000D\000e\000t\000a\000i\000l\000e\000d\000\040\000D\000e\000s\000c\000r\000i\000p\000t\000i\000o\000n}{section.7.7}% 29
\BOOKMARK [1][-]{section.7.8}{\376\377\0007\000.\0008\000\040\000c\000u\000r\000l\000i\000n\000g\000:\000:\000M\000i\000m\000e\000E\000x\000c\000e\000p\000t\000i\000o\000n\000\040\000C\000l\000a\000s\000s\000\040\000R\000e\000f\000e\000r\000e\000n\000c\000e}{chapter.7}% 30
\BOOKMARK [2][-]{subsection.7.8.1}{\376\377\0007\000.\0008\000.\0001\000\040\000D\000e\000t\000a\000i\000l\000e\000d\000\040\000D\000e\000s\000c\000r\000i\000p\000t\000i\000o\000n}{section.7.8}% 31
\BOOKMARK [1][-]{section.7.9}{\376\377\0007\000.\0009\000\040\000c\000u\000r\000l\000i\000n\000g\000:\000:\000R\000e\000q\000u\000e\000s\000t\000\040\000C\000l\000a\000s\000s\000\040\000R\000e\000f\000e\000r\000e\000n\000c\000e}{chapter.7}% 32
\BOOKMARK [2][-]{subsection.7.9.1}{\376\377\0007\000.\0009\000.\0001\000\040\000D\000e\000t\000a\000i\000l\000e\000d\000\040\000D\000e\000s\000c\000r\000i\000p\000t\000i\000o\000n}{section.7.9}% 33
\BOOKMARK [2][-]{subsection.7.9.2}{\376\377\0007\000.\0009\000.\0002\000\040\000M\000e\000m\000b\000e\000r\000\040\000E\000n\000u\000m\000e\000r\000a\000t\000i\000o\000n\000\040\000D\000o\000c\000u\000m\000e\000n\000t\000a\000t\000i\000o\000n}{section.7.9}% 34
\BOOKMARK [3][-]{subsubsection.7.9.2.1}{\376\377\0007\000.\0009\000.\0002\000.\0001\000\040\000H\000t\000t\000p\000V\000e\000r\000s\000i\000o\000n}{subsection.7.9.2}% 35
\BOOKMARK [3][-]{subsubsection.7.9.2.2}{\376\377\0007\000.\0009\000.\0002\000.\0002\000\040\000M\000e\000t\000h\000o\000d}{subsection.7.9.2}% 36
\BOOKMARK [2][-]{subsection.7.9.3}{\376\377\0007\000.\0009\000.\0003\000\040\000C\000o\000n\000s\000t\000r\000u\000c\000t\000o\000r\000\040\000\046\000\040\000D\000e\000s\000t\000r\000u\000c\000t\000o\000r\000\040\000D\000o\000c\000u\000m\000e\000n\000t\000a\000t\000i\000o\000n}{section.7.9}% 37
\BOOKMARK [3][-]{subsubsection.7.9.3.1}{\376\377\0007\000.\0009\000.\0003\000.\0001\000\040\000R\000e\000q\000u\000e\000s\000t\000\050\000\051}{subsection.7.9.3}% 38
\BOOKMARK [2][-]{subsection.7.9.4}{\376\377\0007\000.\0009\000.\0004\000\040\000M\000e\000m\000b\000e\000r\000\040\000F\000u\000n\000c\000t\000i\000o\000n\000\040\000D\000o\000c\000u\000m\000e\000n\000t\000a\000t\000i\000o\000n}{section.7.9}% 39
\BOOKMARK [3][-]{subsubsection.7.9.4.1}{\376\377\0007\000.\0009\000.\0004\000.\0001\000\040\000a\000d\000d\000A\000r\000g\000\050\000\051}{subsection.7.9.4}% 40
\BOOKMARK [3][-]{subsubsection.7.9.4.2}{\376\377\0007\000.\0009\000.\0004\000.\0002\000\040\000a\000d\000d\000F\000o\000r\000m\000F\000i\000e\000l\000d\000\050\000\051}{subsection.7.9.4}% 41
\BOOKMARK [3][-]{subsubsection.7.9.4.3}{\376\377\0007\000.\0009\000.\0004\000.\0003\000\040\000a\000d\000d\000F\000o\000r\000m\000F\000i\000l\000e\000\050\000\051}{subsection.7.9.4}% 42
\BOOKMARK [3][-]{subsubsection.7.9.4.4}{\376\377\0007\000.\0009\000.\0004\000.\0004\000\040\000a\000d\000d\000H\000e\000a\000d\000e\000r\000\050\000\051}{subsection.7.9.4}% 43
\BOOKMARK [3][-]{subsubsection.7.9.4.5}{\376\377\0007\000.\0009\000.\0004\000.\0005\000\040\000d\000o\000w\000n\000l\000o\000a\000d\000T\000o\000F\000i\000l\000e\000\050\000\051}{subsection.7.9.4}% 44
\BOOKMARK [3][-]{subsubsection.7.9.4.6}{\376\377\0007\000.\0009\000.\0004\000.\0006\000\040\000e\000n\000a\000b\000l\000e\000V\000e\000r\000b\000o\000s\000e\000\050\000\051}{subsection.7.9.4}% 45
\BOOKMARK [3][-]{subsubsection.7.9.4.7}{\376\377\0007\000.\0009\000.\0004\000.\0007\000\040\000s\000e\000n\000d\000\050\000\051}{subsection.7.9.4}% 46
\BOOKMARK [3][-]{subsubsection.7.9.4.8}{\376\377\0007\000.\0009\000.\0004\000.\0008\000\040\000s\000e\000t\000A\000u\000t\000h\000T\000o\000k\000e\000n\000\050\000\051}{subsection.7.9.4}% 47
\BOOKMARK [3][-]{subsubsection.7.9.4.9}{\376\377\0007\000.\0009\000.\0004\000.\0009\000\040\000s\000e\000t\000B\000o\000d\000y\000\050\000\051}{subsection.7.9.4}% 48
\BOOKMARK [3][-]{subsubsection.7.9.4.10}{\376\377\0007\000.\0009\000.\0004\000.\0001\0000\000\040\000s\000e\000t\000C\000o\000n\000n\000e\000c\000t\000T\000i\000m\000e\000o\000u\000t\000\050\000\051}{subsection.7.9.4}% 49
\BOOKMARK [3][-]{subsubsection.7.9.4.11}{\376\377\0007\000.\0009\000.\0004\000.\0001\0001\000\040\000s\000e\000t\000C\000o\000o\000k\000i\000e\000P\000a\000t\000h\000\050\000\051}{subsection.7.9.4}% 50
\BOOKMARK [3][-]{subsubsection.7.9.4.12}{\376\377\0007\000.\0009\000.\0004\000.\0001\0002\000\040\000s\000e\000t\000F\000o\000l\000l\000o\000w\000R\000e\000d\000i\000r\000e\000c\000t\000s\000\050\000\051}{subsection.7.9.4}% 51
\BOOKMARK [3][-]{subsubsection.7.9.4.13}{\376\377\0007\000.\0009\000.\0004\000.\0001\0003\000\040\000s\000e\000t\000H\000t\000t\000p\000A\000u\000t\000h\000\050\000\051}{subsection.7.9.4}% 52
\BOOKMARK [3][-]{subsubsection.7.9.4.14}{\376\377\0007\000.\0009\000.\0004\000.\0001\0004\000\040\000s\000e\000t\000H\000t\000t\000p\000A\000u\000t\000h\000M\000e\000t\000h\000o\000d\000\050\000\051}{subsection.7.9.4}% 53
\BOOKMARK [3][-]{subsubsection.7.9.4.15}{\376\377\0007\000.\0009\000.\0004\000.\0001\0005\000\040\000s\000e\000t\000M\000e\000t\000h\000o\000d\000\050\000\051}{subsection.7.9.4}% 54
\BOOKMARK [3][-]{subsubsection.7.9.4.16}{\376\377\0007\000.\0009\000.\0004\000.\0001\0006\000\040\000s\000e\000t\000P\000r\000o\000g\000r\000e\000s\000s\000C\000a\000l\000l\000b\000a\000c\000k\000\050\000\051}{subsection.7.9.4}% 55
\BOOKMARK [3][-]{subsubsection.7.9.4.17}{\376\377\0007\000.\0009\000.\0004\000.\0001\0007\000\040\000s\000e\000t\000P\000r\000o\000x\000y\000\050\000\051}{subsection.7.9.4}% 56
\BOOKMARK [3][-]{subsubsection.7.9.4.18}{\376\377\0007\000.\0009\000.\0004\000.\0001\0008\000\040\000s\000e\000t\000P\000r\000o\000x\000y\000A\000u\000t\000h\000\050\000\051}{subsection.7.9.4}% 57
\BOOKMARK [3][-]{subsubsection.7.9.4.19}{\376\377\0007\000.\0009\000.\0004\000.\0001\0009\000\040\000s\000e\000t\000P\000r\000o\000x\000y\000A\000u\000t\000h\000M\000e\000t\000h\000o\000d\000\050\000\051}{subsection.7.9.4}% 58
\BOOKMARK [3][-]{subsubsection.7.9.4.20}{\376\377\0007\000.\0009\000.\0004\000.\0002\0000\000\040\000s\000e\000t\000T\000i\000m\000e\000o\000u\000t\000\050\000\051}{subsection.7.9.4}% 59
\BOOKMARK [3][-]{subsubsection.7.9.4.21}{\376\377\0007\000.\0009\000.\0004\000.\0002\0001\000\040\000s\000e\000t\000U\000R\000L\000\050\000\051}{subsection.7.9.4}% 60
\BOOKMARK [3][-]{subsubsection.7.9.4.22}{\376\377\0007\000.\0009\000.\0004\000.\0002\0002\000\040\000s\000e\000t\000U\000s\000e\000r\000A\000g\000e\000n\000t\000\050\000\051}{subsection.7.9.4}% 61
\BOOKMARK [1][-]{section.7.10}{\376\377\0007\000.\0001\0000\000\040\000c\000u\000r\000l\000i\000n\000g\000:\000:\000R\000e\000q\000u\000e\000s\000t\000E\000x\000c\000e\000p\000t\000i\000o\000n\000\040\000C\000l\000a\000s\000s\000\040\000R\000e\000f\000e\000r\000e\000n\000c\000e}{chapter.7}% 62
\BOOKMARK [2][-]{subsection.7.10.1}{\376\377\0007\000.\0001\0000\000.\0001\000\040\000D\000e\000t\000a\000i\000l\000e\000d\000\040\000D\000e\000s\000c\000r\000i\000p\000t\000i\000o\000n}{section.7.10}% 63
\BOOKMARK [1][-]{section.7.11}{\376\377\0007\000.\0001\0001\000\040\000c\000u\000r\000l\000i\000n\000g\000:\000:\000R\000e\000s\000p\000o\000n\000s\000e\000\040\000S\000t\000r\000u\000c\000t\000\040\000R\000e\000f\000e\000r\000e\000n\000c\000e}{chapter.7}% 64
\BOOKMARK [2][-]{subsection.7.11.1}{\376\377\0007\000.\0001\0001\000.\0001\000\040\000D\000e\000t\000a\000i\000l\000e\000d\000\040\000D\000e\000s\000c\000r\000i\000p\000t\000i\000o\000n}{section.7.11}% 65
\BOOKMARK [0][-]{chapter.8}{\376\377\0008\000\040\000F\000i\000l\000e\000\040\000D\000o\000c\000u\000m\000e\000n\000t\000a\000t\000i\000o\000n}{}% 66
\BOOKMARK [1][-]{section.8.1}{\376\377\0008\000.\0001\000\040\000c\000u\000r\000l\000i\000n\000g\000.\000h\000p\000p}{chapter.8}% 67
\BOOKMARK [0][-]{section*.38}{\376\377\000I\000n\000d\000e\000x}{}% 68
